<?xml version="1.0" encoding="UTF-8"?>
<testsuite xmlns:xsi="http://www.w3.org/2001/XMLSchema-instance" xsi:noNamespaceSchemaLocation="https://maven.apache.org/surefire/maven-surefire-plugin/xsd/surefire-test-report-3.0.xsd" version="3.0" name="com.mycompany.app.PessoaTest" time="0.004" tests="5" errors="0" skipped="0" failures="0">
  <properties>
[...]
</properties>
  <testcase name="deveCriarArtigoCorretamente" classname="com.mycompany.app.PessoaTest" time="0.0"/>
  <testcase name="testLivro" classname="com.mycompany.app.PessoaTest" time="0.0"/>
  <testcase name="testGetNome" classname="com.mycompany.app.PessoaTest" time="0.0"/>
  <testcase name="deveValidarPublicacaoSemErro" classname="com.mycompany.app.PessoaTest" time="0.003">
    <system-out><![CDATA[Validando Publicacao de Artigo
]]></system-out>
  </testcase>
  <testcase name="testUsuarioComEmprestimoAtualizadoDepois" classname="com.mycompany.app.PessoaTest" time="0.0"/>
</testsuite>